<?xml version='1.0' encoding='UTF-8'?>
<testsuite hostname="vsemPizdec" name="StreamProcessingSpec" tests="1" errors="0" failures="0" skipped="0" time="0.207" timestamp="2025-03-18T20:29:41">
          <properties>
[...]
</properties>
          <testcase classname="StreamProcessingSpec" name="Stream processor should handle basic stream operations" time="0.207">
                      
                    </testcase>
          <system-out><![CDATA[]]></system-out>
          <system-err><![CDATA[]]></system-err>
        </testsuite>